# JRE version: Java(TM) SE Runtime Environment (8.0_202-b08) (build 1.8.0_202-b08)
# Java VM: Java HotSpot(TM) 64-Bit Server VM (25.202-b08 mixed mode windows-amd64 compressed oops)
Heap:
 PSYoungGen      total 539648K, used 27854K [0x00000000d5580000, 0x0000000100000000, 0x0000000100000000)
  eden space 374784K, 0% used [0x00000000d5580000,0x00000000d5580000,0x00000000ec380000)
  from space 164864K, 16% used [0x00000000f5f00000,0x00000000f7a33a38,0x0000000100000000)
  to   space 159232K, 0% used [0x00000000ec380000,0x00000000ec380000,0x00000000f5f00000)
 ParOldGen       total 467456K, used 421804K [0x0000000080000000, 0x000000009c880000, 0x00000000d5580000)
  object space 467456K, 90% used [0x0000000080000000,0x0000000099beb310,0x000000009c880000)
 Metaspace       used 152960K, capacity 165426K, committed 165976K, reserved 1193984K
  class space    used 19445K, capacity 21699K, committed 21888K, reserved 1048576K
GC Heap History (10 events):
Event: 8832.899 GC heap after
Heap after GC invocations=63 (full 7):
 PSYoungGen      total 539648K, used 59919K [0x00000000d5580000, 0x0000000100000000, 0x0000000100000000)
  eden space 472576K, 0% used [0x00000000d5580000,0x00000000d5580000,0x00000000f2300000)
  from space 67072K, 89% used [0x00000000fbe80000,0x00000000ff903ff0,0x0000000100000000)
  to   space 113152K, 0% used [0x00000000f2300000,0x00000000f2300000,0x00000000f9180000)
 ParOldGen       total 467456K, used 240414K [0x0000000080000000, 0x000000009c880000, 0x00000000d5580000)
  object space 467456K, 51% used [0x0000000080000000,0x000000008eac7860,0x000000009c880000)
 Metaspace       used 144422K, capacity 156602K, committed 163032K, reserved 1189888K
  class space    used 18636K, capacity 20821K, committed 21760K, reserved 1048576K
}
Event: 8837.423 GC heap before
{Heap before GC invocations=64 (full 7):
 PSYoungGen      total 539648K, used 532495K [0x00000000d5580000, 0x0000000100000000, 0x0000000100000000)
  eden space 472576K, 100% used [0x00000000d5580000,0x00000000f2300000,0x00000000f2300000)
  from space 67072K, 89% used [0x00000000fbe80000,0x00000000ff903ff0,0x0000000100000000)
  to   space 113152K, 0% used [0x00000000f2300000,0x00000000f2300000,0x00000000f9180000)
 ParOldGen       total 467456K, used 240414K [0x0000000080000000, 0x000000009c880000, 0x00000000d5580000)
  object space 467456K, 51% used [0x0000000080000000,0x000000008eac7860,0x000000009c880000)
 Metaspace       used 148126K, capacity 160356K, committed 163032K, reserved 1189888K
  class space    used 18961K, capacity 21148K, committed 21760K, reserved 1048576K
Event: 8837.649 GC heap after
Heap after GC invocations=64 (full 7):
 PSYoungGen      total 585728K, used 113146K [0x00000000d5580000, 0x0000000100000000, 0x0000000100000000)
  eden space 472576K, 0% used [0x00000000d5580000,0x00000000d5580000,0x00000000f2300000)
  from space 113152K, 99% used [0x00000000f2300000,0x00000000f917e8a8,0x00000000f9180000)
  to   space 113152K, 0% used [0x00000000f9180000,0x00000000f9180000,0x0000000100000000)
 ParOldGen       total 467456K, used 303005K [0x0000000080000000, 0x000000009c880000, 0x00000000d5580000)
  object space 467456K, 64% used [0x0000000080000000,0x00000000927e76a8,0x000000009c880000)
 Metaspace       used 148126K, capacity 160356K, committed 163032K, reserved 1189888K
  class space    used 18961K, capacity 21148K, committed 21760K, reserved 1048576K
}
Event: 14614.321 GC heap before
{Heap before GC invocations=65 (full 7):
 PSYoungGen      total 585728K, used 585722K [0x00000000d5580000, 0x0000000100000000, 0x0000000100000000)
  eden space 472576K, 100% used [0x00000000d5580000,0x00000000f2300000,0x00000000f2300000)
  from space 113152K, 99% used [0x00000000f2300000,0x00000000f917e8a8,0x00000000f9180000)
  to   space 113152K, 0% used [0x00000000f9180000,0x00000000f9180000,0x0000000100000000)
 ParOldGen       total 467456K, used 303005K [0x0000000080000000, 0x000000009c880000, 0x00000000d5580000)
  object space 467456K, 64% used [0x0000000080000000,0x00000000927e76a8,0x000000009c880000)
 Metaspace       used 148594K, capacity 160870K, committed 163032K, reserved 1189888K
  class space    used 19027K, capacity 21227K, committed 21760K, reserved 1048576K
Event: 14614.510 GC heap after
Heap after GC invocations=65 (full 7):
 PSYoungGen      total 513024K, used 31155K [0x00000000d5580000, 0x0000000100000000, 0x0000000100000000)
  eden space 399872K, 0% used [0x00000000d5580000,0x00000000d5580000,0x00000000edc00000)
  from space 113152K, 27% used [0x00000000f9180000,0x00000000fafece88,0x0000000100000000)
  to   space 149504K, 0% used [0x00000000edc00000,0x00000000edc00000,0x00000000f6e00000)
 ParOldGen       total 467456K, used 369618K [0x0000000080000000, 0x000000009c880000, 0x00000000d5580000)
  object space 467456K, 79% used [0x0000000080000000,0x00000000968f48e8,0x000000009c880000)
 Metaspace       used 148594K, capacity 160870K, committed 163032K, reserved 1189888K
  class space    used 19027K, capacity 21227K, committed 21760K, reserved 1048576K
}
Event: 14622.705 GC heap before
{Heap before GC invocations=66 (full 7):
 PSYoungGen      total 513024K, used 431027K [0x00000000d5580000, 0x0000000100000000, 0x0000000100000000)
  eden space 399872K, 100% used [0x00000000d5580000,0x00000000edc00000,0x00000000edc00000)
  from space 113152K, 27% used [0x00000000f9180000,0x00000000fafece88,0x0000000100000000)
  to   space 149504K, 0% used [0x00000000edc00000,0x00000000edc00000,0x00000000f6e00000)
 ParOldGen       total 467456K, used 369618K [0x0000000080000000, 0x000000009c880000, 0x00000000d5580000)
  object space 467456K, 79% used [0x0000000080000000,0x00000000968f48e8,0x000000009c880000)
 Metaspace       used 152382K, capacity 164710K, committed 165336K, reserved 1193984K
  class space    used 19364K, capacity 21587K, committed 21760K, reserved 1048576K
Event: 14622.867 GC heap after
Heap after GC invocations=66 (full 7):
 PSYoungGen      total 519168K, used 119209K [0x00000000d5580000, 0x0000000100000000, 0x0000000100000000)
  eden space 399872K, 0% used [0x00000000d5580000,0x00000000d5580000,0x00000000edc00000)
  from space 119296K, 99% used [0x00000000edc00000,0x00000000f506a640,0x00000000f5080000)
  to   space 164864K, 0% used [0x00000000f5f00000,0x00000000f5f00000,0x0000000100000000)
 ParOldGen       total 467456K, used 388891K [0x0000000080000000, 0x000000009c880000, 0x00000000d5580000)
  object space 467456K, 83% used [0x0000000080000000,0x0000000097bc6fa8,0x000000009c880000)
 Metaspace       used 152382K, capacity 164710K, committed 165336K, reserved 1193984K
  class space    used 19364K, capacity 21587K, committed 21760K, reserved 1048576K
}
Event: 14728.739 GC heap before
{Heap before GC invocations=67 (full 7):
 PSYoungGen      total 519168K, used 519081K [0x00000000d5580000, 0x0000000100000000, 0x0000000100000000)
  eden space 399872K, 100% used [0x00000000d5580000,0x00000000edc00000,0x00000000edc00000)
  from space 119296K, 99% used [0x00000000edc00000,0x00000000f506a640,0x00000000f5080000)
  to   space 164864K, 0% used [0x00000000f5f00000,0x00000000f5f00000,0x0000000100000000)
 ParOldGen       total 467456K, used 388891K [0x0000000080000000, 0x000000009c880000, 0x00000000d5580000)
  object space 467456K, 83% used [0x0000000080000000,0x0000000097bc6fa8,0x000000009c880000)
 Metaspace       used 152960K, capacity 165426K, committed 165976K, reserved 1193984K
  class space    used 19445K, capacity 21699K, committed 21888K, reserved 1048576K
Event: 14728.803 GC heap after
Heap after GC invocations=67 (full 7):
 PSYoungGen      total 539648K, used 27854K [0x00000000d5580000, 0x0000000100000000, 0x0000000100000000)
  eden space 374784K, 0% used [0x00000000d5580000,0x00000000d5580000,0x00000000ec380000)
  from space 164864K, 16% used [0x00000000f5f00000,0x00000000f7a33a38,0x0000000100000000)
  to   space 159232K, 0% used [0x00000000ec380000,0x00000000ec380000,0x00000000f5f00000)
 ParOldGen       total 467456K, used 421804K [0x0000000080000000, 0x000000009c880000, 0x00000000d5580000)
  object space 467456K, 90% used [0x0000000080000000,0x0000000099beb310,0x000000009c880000)
 Metaspace       used 152960K, capacity 165426K, committed 165976K, reserved 1193984K
  class space    used 19445K, capacity 21699K, committed 21888K, reserved 1048576K
}
Event: 14728.803 GC heap before
{Heap before GC invocations=68 (full 8):
 PSYoungGen      total 539648K, used 27854K [0x00000000d5580000, 0x0000000100000000, 0x0000000100000000)
  eden space 374784K, 0% used [0x00000000d5580000,0x00000000d5580000,0x00000000ec380000)
  from space 164864K, 16% used [0x00000000f5f00000,0x00000000f7a33a38,0x0000000100000000)
  to   space 159232K, 0% used [0x00000000ec380000,0x00000000ec380000,0x00000000f5f00000)
 ParOldGen       total 467456K, used 421804K [0x0000000080000000, 0x000000009c880000, 0x00000000d5580000)
  object space 467456K, 90% used [0x0000000080000000,0x0000000099beb310,0x000000009c880000)
 Metaspace       used 152960K, capacity 165426K, committed 165976K, reserved 1193984K
  class space    used 19445K, capacity 21699K, committed 21888K, reserved 1048576K

